Archivo: prueba.cpp
Compilado: 09/05/2022 03:49:13 p. m.
# | caracter
include | identificador
< | operador_relacional
iostream | identificador
> | operador_relacional
# | caracter
include | identificador
< | operador_relacional
stdio | identificador
. | caracter
h | identificador
> | operador_relacional
# | caracter
include | identificador
< | operador_relacional
conio | identificador
. | caracter
h | identificador
> | operador_relacional
float | tipo_datos
resultado | identificador
; | fin_sentencia
int | tipo_datos
a | identificador
, | caracter
b | identificador
, | caracter
c | identificador
, | caracter
d | identificador
; | fin_sentencia
char | tipo_datos
opcion | identificador
; | fin_sentencia
void | identificador
main | identificador
( | caracter
) | caracter
{ | caracter
printf | identificador
( | caracter
"radio: " | cadena
) | caracter
; | fin_sentencia
scanf | identificador
( | caracter
"%f" | cadena
) | caracter
; | fin_sentencia
printf | identificador
( | caracter
"altura: " | cadena
) | caracter
; | fin_sentencia
scanf | identificador
( | caracter
"%f" | cadena
) | caracter
; | fin_sentencia
printf | identificador
( | caracter
"volumen: " | cadena
) | caracter
; | fin_sentencia
if | condicion
( | caracter
100 | numero
> | operador_relacional
200 | numero
) | caracter
{ | caracter
printf | identificador
( | caracter
"hola" | cadena
) | caracter
; | fin_sentencia
if | condicion
( | caracter
1 | numero
== | operador_relacional
1 | numero
) | caracter
{ | caracter
while | ciclo
( | caracter
4 | numero
== | operador_relacional
4 | numero
) | caracter
do | ciclo
{ | caracter
a | identificador
= | asignacion
0 | numero
; | fin_sentencia
} | caracter
while | ciclo
( | caracter
6 | numero
== | operador_relacional
6 | numero
) | caracter
; | fin_sentencia
} | caracter
else | condicion
if | condicion
( | caracter
2 | numero
== | operador_relacional
2 | numero
) | caracter
{ | caracter
b | identificador
= | asignacion
"hola mundo" | cadena
; | fin_sentencia
} | caracter
else | condicion
if | condicion
( | caracter
3 | numero
== | operador_relacional
3 | numero
) | caracter
{ | caracter
c | identificador
= | asignacion
a | identificador
; | fin_sentencia
} | caracter
else | condicion
scanf | identificador
( | caracter
"%f" | cadena
) | caracter
; | fin_sentencia
} | caracter
} | caracter
