Archivo: C:\Users\Fernando Hernandez\Desktop\ITQ\4to Semestre\Lenguajes y Autómatas 1\Sintaxis 1\suma.cpp
Compilado: 19/05/2022 03:53:09 p. m.
# | caracter
include | identificador
< | operador_relacional
iostream | identificador
> | operador_relacional
# | caracter
include | identificador
< | operador_relacional
stdio | identificador
. | caracter
h | identificador
> | operador_relacional
# | caracter
include | identificador
< | operador_relacional
conio | identificador
. | caracter
h | identificador
> | operador_relacional
float | tipo_datos
resultado | identificador
; | fin_sentencia
int | tipo_datos
a | identificador
, | caracter
b | identificador
, | caracter
c | identificador
, | caracter
d | identificador
; | fin_sentencia
char | tipo_datos
opcion | identificador
; | fin_sentencia
float | tipo_datos
radio | identificador
, | caracter
altura | identificador
, | caracter
x | identificador
; | fin_sentencia
void | identificador
main | identificador
( | caracter
) | caracter
{ | caracter
printf | identificador
( | caracter
"radio: " | cadena
) | caracter
; | fin_sentencia
scanf | identificador
( | caracter
"%f" | cadena
) | caracter
; | fin_sentencia
printf | identificador
( | caracter
"altura: " | cadena
) | caracter
; | fin_sentencia
scanf | identificador
( | caracter
"%f" | cadena
) | caracter
; | fin_sentencia
printf | identificador
( | caracter
"volumen: " | cadena
) | caracter
; | fin_sentencia
if | condicion
( | caracter
radio | identificador
+ | operador_termino
10 | numero
> | operador_relacional
altura | identificador
* | operador_factor
200 | numero
) | caracter
{ | caracter
printf | identificador
( | caracter
"hola" | cadena
) | caracter
; | fin_sentencia
if | condicion
( | caracter
1 | numero
== | operador_relacional
1 | numero
) | caracter
{ | caracter
while | ciclo
( | caracter
4 | numero
== | operador_relacional
4 | numero
) | caracter
do | ciclo
{ | caracter
a | identificador
= | Asignacion
0 | numero
; | fin_sentencia
} | caracter
while | ciclo
( | caracter
6 | numero
== | operador_relacional
6 | numero
) | caracter
; | fin_sentencia
} | caracter
else | condicion
if | condicion
( | caracter
2 | numero
== | operador_relacional
2.0 | numero
) | caracter
{ | caracter
b | identificador
= | Asignacion
"hola mundo" | cadena
; | fin_sentencia
x | identificador
= | Asignacion
( | caracter
3 | numero
+ | operador_termino
5 | numero
) | caracter
* | operador_factor
8 | numero
- | operador_termino
( | caracter
10 | numero
- | operador_termino
4 | numero
) | caracter
/ | operador_factor
c | identificador
; | fin_sentencia
} | caracter
else | condicion
if | condicion
( | caracter
3 | numero
== | operador_relacional
3 | numero
) | caracter
{ | caracter
c | identificador
= | Asignacion
a | identificador
; | fin_sentencia
} | caracter
else | condicion
scanf | identificador
( | caracter
"%f" | cadena
) | caracter
; | fin_sentencia
} | caracter
c | identificador
= | Asignacion
a | identificador
+ | operador_termino
( | caracter
b | identificador
+ | operador_termino
c | identificador
) | caracter
; | fin_sentencia
c | identificador
= | Asignacion
a | identificador
+ | operador_termino
b | identificador
* | operador_factor
c | identificador
; | fin_sentencia
b | identificador
= | Asignacion
"Hello world" | cadena
; | fin_sentencia
switch | condicion
( | caracter
a | identificador
) | caracter
{ | caracter
case | identificador
1 | numero
: | caracter
printf | identificador
( | caracter
"diga un numero: " | cadena
) | caracter
; | fin_sentencia
scanf | identificador
( | caracter
"%f" | cadena
) | caracter
; | fin_sentencia
printf | identificador
( | caracter
"diga un numero: " | cadena
) | caracter
; | fin_sentencia
scanf | identificador
( | caracter
"%f" | cadena
) | caracter
; | fin_sentencia
break | identificador
; | fin_sentencia
case | identificador
2 | numero
: | caracter
printf | identificador
( | caracter
"dos" | cadena
) | caracter
; | fin_sentencia
printf | identificador
( | caracter
"tres" | cadena
) | caracter
; | fin_sentencia
default | identificador
: | caracter
printf | identificador
( | caracter
"otro" | cadena
) | caracter
; | fin_sentencia
printf | identificador
( | caracter
"juan" | cadena
) | caracter
; | fin_sentencia
printf | identificador
( | caracter
"pedro" | cadena
) | caracter
; | fin_sentencia
break | identificador
; | fin_sentencia
} | caracter
switch | condicion
( | caracter
a | identificador
) | caracter
{ | caracter
case | identificador
1 | numero
: | caracter
printf | identificador
( | caracter
"diga un numero: " | cadena
) | caracter
; | fin_sentencia
scanf | identificador
( | caracter
"%f" | cadena
) | caracter
; | fin_sentencia
printf | identificador
( | caracter
"diga un numero: " | cadena
) | caracter
; | fin_sentencia
scanf | identificador
( | caracter
"%f" | cadena
) | caracter
; | fin_sentencia
break | identificador
; | fin_sentencia
case | identificador
2 | numero
: | caracter
printf | identificador
( | caracter
"dos" | cadena
) | caracter
; | fin_sentencia
printf | identificador
( | caracter
"tres" | cadena
) | caracter
; | fin_sentencia
} | caracter
for | ciclo
( | caracter
d | identificador
= | Asignacion
0 | numero
; | fin_sentencia
d | identificador
<= | operador_relacional
c | identificador
; | fin_sentencia
d | identificador
-- | incremento_termino
) | caracter
{ | caracter
if | condicion
( | caracter
8 | numero
== | operador_relacional
8 | numero
) | caracter
{ | caracter
printf | identificador
( | caracter
"hola" | cadena
) | caracter
; | fin_sentencia
printf | identificador
( | caracter
"dos" | cadena
) | caracter
; | fin_sentencia
} | caracter
if | condicion
( | caracter
9 | numero
== | operador_relacional
9 | numero
) | caracter
printf | identificador
( | caracter
"adios" | cadena
) | caracter
; | fin_sentencia
} | caracter
} | caracter
